110110110110 
110110110100 
110110110010 
110110101100 
110110101010 
110110100110 
110110100100 
110110011010 
110110010110 
110110010100 
110110010010 
110101101100 
110101101010 
110101100110 
110101100100 
110101011010 
110101010110 
110101010100 
110101010010 
110101001100 
110101001010 
110100110110 
110100110100 
110100110010 
110100101100 
110100101010 
110100100110 
110100100100 
110011011010 
110011010110 
110011010100 
110011010010 
110011001100 
110011001010 
110010110110 
110010110100 
110010110010 
110010101100 
110010101010 
110010100110 
110010100100 
110010011010 
110010010110 
110010010100 
110010010010 
101101101100 
101101101010 
101101100110 
101101100100 
101101011010 
101101010110 
101101010100 
101101010010 
101101001100 
101101001010 
101100110110 
101100110100 
101100110010 
101100101100 
101100101010 
101100100110 
101100100100 
101011011010 
101011010110 
101011010100 
101011010010 
101011001100 
101011001010 
101010110110 
101010110100 
101010110010 
101010101100 
101010101010 
101010100110 
101010100100 
101010011010 
101010010110 
101010010100 
101010010010 
101001101100 
101001101010 
101001100110 
101001100100 
101001011010 
101001010110 
101001010100 
101001010010 
101001001100 
101001001010 
100110110110 
100110110100 
100110110010 
100110101100 
100110101010 
100110100110 
100110100100 
100110011010 
100110010110 
100110010100 
100110010010 
100101101100 
100101101010 
100101100110 
100101100100 
100101011010 
100101010110 
100101010100 
100101010010 
100101001100 
100101001010 
100100110110 
100100110100 
100100110010 
100100101100 
100100101010 
100100100110 
100100100100 
011011011011 
011011011010 
011011011001 
011011010110 
011011010101 
011011010100 
011011010011 
011011010010 
011011001101 
011011001100 
011011001011 
011011001010 
011011001001 
011010110110 
011010110101 
011010110100 
011010110011 
011010110010 
011010101101 
011010101100 
011010101011 
011010101010 
011010101001 
011010100110 
011010100101 
011010100100 
011010011011 
011010011010 
011010011001 
011010010110 
011010010101 
011010010100 
011010010011 
011010010010 
011001101101 
011001101100 
011001101011 
011001101010 
011001101001 
011001100110 
011001100101 
011001100100 
011001011011 
011001011010 
011001011001 
011001010110 
011001010101 
011001010100 
011001010011 
011001010010 
011001001101 
011001001100 
011001001011 
011001001010 
011001001001 
010110110110 
010110110101 
010110110100 
010110110011 
010110110010 
010110101101 
010110101100 
010110101011 
010110101010 
010110101001 
010110100110 
010110100101 
010110100100 
010110011011 
010110011010 
010110011001 
010110010110 
010110010101 
010110010100 
010110010011 
010110010010 
010101101101 
010101101100 
010101101011 
010101101010 
010101101001 
010101100110 
010101100101 
010101100100 
010101011011 
010101011010 
010101011001 
010101010110 
010101010101 
010101010100 
010101010011 
010101010010 
010101001101 
010101001100 
010101001011 
010101001010 
010101001001 
010100110110 
010100110101 
010100110100 
010100110011 
010100110010 
010100101101 
010100101100 
010100101011 
010100101010 
010100101001 
010100100110 
010100100101 
010100100100 
010011011011 
010011011010 
010011011001 
010011010110 
010011010101 
010011010100 
010011010011 
010011010010 
010011001101 
010011001100 
010011001011 
010011001010 
010011001001 
010010110110 
010010110101 
010010110100 
010010110011 
010010110010 
010010101101 
010010101100 
010010101011 
010010101010 
010010101001 
010010100110 
010010100101 
010010100100 
010010011011 
010010011010 
010010011001 
010010010110 
010010010101 
010010010100 
010010010011 
010010010010 
001101101101 
001101101100 
001101101011 
001101101010 
001101101001 
001101100110 
001101100101 
001101100100 
001101011011 
001101011010 
001101011001 
001101010110 
001101010101 
001101010100 
001101010011 
001101010010 
001101001101 
001101001100 
001101001011 
001101001010 
001101001001 
001100110110 
001100110101 
001100110100 
001100110011 
001100110010 
001100101101 
001100101100 
001100101011 
001100101010 
001100101001 
001100100110 
001100100101 
001100100100 
001011011011 
001011011010 
001011011001 
001011010110 
001011010101 
001011010100 
001011010011 
001011010010 
001011001101 
001011001100 
001011001011 
001011001010 
001011001001 
001010110110 
001010110101 
001010110100 
001010110011 
001010110010 
001010101101 
001010101100 
001010101011 
001010101010 
001010101001 
001010100110 
001010100101 
001010100100 
001010011011 
001010011010 
001010011001 
001010010110 
001010010101 
001010010100 
001010010011 
001010010010 
001001101101 
001001101100 
001001101011 
001001101010 
001001101001 
001001100110 
001001100101 
001001100100 
001001011011 
001001011010 
001001011001 
001001010110 
001001010101 
001001010100 
001001010011 
001001010010 
001001001101 
001001001100 
001001001011 
001001001010 
001001001001 
